2022-04-22 09:28:42.707079: I tensorflow/stream_executor/cuda/cuda_gpu_executor.cc:939] successful NUMA node read from SysFS had negative value (-1), but there must be at least one NUMA node, so returning NUMA node zero
2022-04-22 09:28:42.880728: I tensorflow/stream_executor/cuda/cuda_gpu_executor.cc:939] successful NUMA node read from SysFS had negative value (-1), but there must be at least one NUMA node, so returning NUMA node zero
2022-04-22 09:28:42.881027: I tensorflow/stream_executor/cuda/cuda_gpu_executor.cc:939] successful NUMA node read from SysFS had negative value (-1), but there must be at least one NUMA node, so returning NUMA node zero
2022-04-22 09:28:42.884327: I tensorflow/stream_executor/cuda/cuda_gpu_executor.cc:939] successful NUMA node read from SysFS had negative value (-1), but there must be at least one NUMA node, so returning NUMA node zero
2022-04-22 09:28:42.884558: I tensorflow/stream_executor/cuda/cuda_gpu_executor.cc:939] successful NUMA node read from SysFS had negative value (-1), but there must be at least one NUMA node, so returning NUMA node zero
2022-04-22 09:28:42.884770: I tensorflow/stream_executor/cuda/cuda_gpu_executor.cc:939] successful NUMA node read from SysFS had negative value (-1), but there must be at least one NUMA node, so returning NUMA node zero
2022-04-22 09:28:44.365185: I tensorflow/stream_executor/cuda/cuda_gpu_executor.cc:939] successful NUMA node read from SysFS had negative value (-1), but there must be at least one NUMA node, so returning NUMA node zero
2022-04-22 09:28:44.365657: I tensorflow/stream_executor/cuda/cuda_gpu_executor.cc:939] successful NUMA node read from SysFS had negative value (-1), but there must be at least one NUMA node, so returning NUMA node zero
2022-04-22 09:28:44.366190: I tensorflow/stream_executor/cuda/cuda_gpu_executor.cc:939] successful NUMA node read from SysFS had negative value (-1), but there must be at least one NUMA node, so returning NUMA node zero
2022-04-22 09:28:44.366511: I tensorflow/core/common_runtime/gpu/gpu_device.cc:1525] Created device /job:localhost/replica:0/task:0/device:GPU:0 with 4979 MB memory:  -> device: 0, name: NVIDIA GeForce GTX 1060 6GB, pci bus id: 0000:05:00.0, compute capability: 6.1
*Init green model
*Predict image
(1934, 2332, 4)
0%|          | 0/239 [00:00<?, ?it/s]2022-04-22 09:28:50.086638: I tensorflow/stream_executor/cuda/cuda_dnn.cc:366] Loaded cuDNN version 8201
2022-04-22 09:28:51.556898: I tensorflow/core/platform/default/subprocess.cc:304] Start cannot spawn child process: No such file or directory
2022-04-22 09:28:51.557490: I tensorflow/core/platform/default/subprocess.cc:304] Start cannot spawn child process: No such file or directory
2022-04-22 09:28:51.557534: W tensorflow/stream_executor/gpu/asm_compiler.cc:80] Couldn't get ptxas version string: INTERNAL: Couldn't invoke ptxas --version
2022-04-22 09:28:51.558818: I tensorflow/core/platform/default/subprocess.cc:304] Start cannot spawn child process: No such file or directory
2022-04-22 09:28:51.558924: W tensorflow/stream_executor/gpu/redzone_allocator.cc:314] INTERNAL: Failed to launch ptxas
Relying on driver to perform ptx compilation.
Modify $PATH to customize ptxas location.
This message will be only logged once.
0%|          | 1/239 [00:06<26:14,  6.61s/it]  1%|          | 2/239 [00:06<11:03,  2.80s/it]  2%|▏         | 4/239 [00:06<04:19,  1.10s/it]  3%|▎         | 6/239 [00:07<02:25,  1.60it/s]  3%|▎         | 8/239 [00:07<01:34,  2.43it/s]  4%|▍         | 9/239 [00:07<01:18,  2.92it/s]  5%|▍         | 11/239 [00:07<00:55,  4.08it/s]  5%|▌         | 13/239 [00:07<00:43,  5.22it/s]  6%|▋         | 15/239 [00:07<00:35,  6.32it/s]  7%|▋         | 17/239 [00:08<00:30,  7.24it/s]  8%|▊         | 19/239 [00:08<00:27,  8.06it/s]  9%|▉         | 21/239 [00:08<00:25,  8.72it/s] 10%|▉         | 23/239 [00:08<00:23,  9.25it/s] 10%|█         | 25/239 [00:08<00:22,  9.49it/s] 11%|█▏        | 27/239 [00:09<00:21,  9.83it/s] 12%|█▏        | 29/239 [00:09<00:20, 10.06it/s] 13%|█▎        | 31/239 [00:09<00:20, 10.23it/s] 14%|█▍        | 33/239 [00:09<00:20, 10.17it/s] 15%|█▍        | 35/239 [00:09<00:19, 10.27it/s] 15%|█▌        | 37/239 [00:10<00:19, 10.39it/s] 16%|█▋        | 39/239 [00:10<00:19, 10.35it/s] 17%|█▋        | 41/239 [00:10<00:19, 10.35it/s] 18%|█▊        | 43/239 [00:10<00:18, 10.42it/s] 19%|█▉        | 45/239 [00:10<00:18, 10.49it/s] 20%|█▉        | 47/239 [00:11<00:18, 10.50it/s] 21%|██        | 49/239 [00:11<00:18, 10.46it/s] 21%|██▏       | 51/239 [00:11<00:17, 10.53it/s] 22%|██▏       | 53/239 [00:11<00:18, 10.23it/s] 23%|██▎       | 55/239 [00:11<00:17, 10.39it/s] 24%|██▍       | 57/239 [00:11<00:17, 10.33it/s] 25%|██▍       | 59/239 [00:12<00:17, 10.42it/s] 26%|██▌       | 61/239 [00:12<00:17, 10.42it/s] 26%|██▋       | 63/239 [00:12<00:16, 10.48it/s] 27%|██▋       | 65/239 [00:12<00:16, 10.40it/s] 28%|██▊       | 67/239 [00:12<00:16, 10.52it/s] 29%|██▉       | 69/239 [00:13<00:16, 10.39it/s] 30%|██▉       | 71/239 [00:13<00:16, 10.49it/s] 31%|███       | 73/239 [00:13<00:15, 10.38it/s] 31%|███▏      | 75/239 [00:13<00:15, 10.53it/s] 32%|███▏      | 77/239 [00:13<00:15, 10.58it/s] 33%|███▎      | 79/239 [00:14<00:15, 10.41it/s] 34%|███▍      | 81/239 [00:14<00:15, 10.36it/s] 35%|███▍      | 83/239 [00:14<00:15, 10.34it/s] 36%|███▌      | 85/239 [00:14<00:14, 10.48it/s] 36%|███▋      | 87/239 [00:14<00:14, 10.52it/s] 37%|███▋      | 89/239 [00:15<00:14, 10.38it/s] 38%|███▊      | 91/239 [00:15<00:14, 10.45it/s] 39%|███▉      | 93/239 [00:15<00:13, 10.52it/s] 40%|███▉      | 95/239 [00:15<00:13, 10.48it/s] 41%|████      | 97/239 [00:15<00:13, 10.44it/s] 41%|████▏     | 99/239 [00:15<00:13, 10.53it/s] 42%|████▏     | 101/239 [00:16<00:13, 10.61it/s] 43%|████▎     | 103/239 [00:16<00:12, 10.67it/s] 44%|████▍     | 105/239 [00:16<00:12, 10.48it/s] 45%|████▍     | 107/239 [00:16<00:14,  8.83it/s] 46%|████▌     | 109/239 [00:17<00:13,  9.32it/s] 46%|████▋     | 111/239 [00:17<00:13,  9.68it/s] 47%|████▋     | 113/239 [00:17<00:12,  9.94it/s] 48%|████▊     | 115/239 [00:17<00:12,  9.98it/s] 49%|████▉     | 117/239 [00:17<00:12, 10.12it/s] 50%|████▉     | 119/239 [00:18<00:11, 10.24it/s] 51%|█████     | 121/239 [00:18<00:11, 10.35it/s] 51%|█████▏    | 123/239 [00:18<00:11, 10.29it/s] 52%|█████▏    | 125/239 [00:18<00:10, 10.42it/s] 53%|█████▎    | 127/239 [00:18<00:10, 10.54it/s] 54%|█████▍    | 129/239 [00:18<00:10, 10.47it/s] 55%|█████▍    | 131/239 [00:19<00:10, 10.44it/s] 56%|█████▌    | 133/239 [00:19<00:10, 10.49it/s] 56%|█████▋    | 135/239 [00:19<00:09, 10.49it/s] 57%|█████▋    | 137/239 [00:19<00:09, 10.43it/s] 58%|█████▊    | 139/239 [00:19<00:09, 10.36it/s] 59%|█████▉    | 141/239 [00:20<00:09, 10.41it/s] 60%|█████▉    | 143/239 [00:20<00:09, 10.53it/s] 61%|██████    | 145/239 [00:20<00:08, 10.50it/s] 62%|██████▏   | 147/239 [00:20<00:08, 10.32it/s] 62%|██████▏   | 149/239 [00:20<00:08, 10.35it/s] 63%|██████▎   | 151/239 [00:21<00:08, 10.32it/s] 64%|██████▍   | 153/239 [00:21<00:08, 10.40it/s] 65%|██████▍   | 155/239 [00:21<00:08, 10.28it/s] 66%|██████▌   | 157/239 [00:21<00:08,  9.87it/s] 67%|██████▋   | 159/239 [00:21<00:07, 10.05it/s] 67%|██████▋   | 161/239 [00:22<00:07,  9.92it/s] 68%|██████▊   | 162/239 [00:22<00:08,  9.44it/s] 68%|██████▊   | 163/239 [00:22<00:08,  9.30it/s] 69%|██████▉   | 165/239 [00:22<00:07,  9.66it/s] 70%|██████▉   | 167/239 [00:22<00:07,  9.94it/s] 71%|███████   | 169/239 [00:22<00:06, 10.16it/s] 72%|███████▏  | 171/239 [00:23<00:06, 10.23it/s] 72%|███████▏  | 173/239 [00:23<00:06, 10.23it/s] 73%|███████▎  | 175/239 [00:23<00:06, 10.38it/s] 74%|███████▍  | 177/239 [00:23<00:05, 10.44it/s] 75%|███████▍  | 179/239 [00:23<00:05, 10.37it/s] 76%|███████▌  | 181/239 [00:24<00:05, 10.44it/s] 77%|███████▋  | 183/239 [00:24<00:05, 10.53it/s] 77%|███████▋  | 185/239 [00:24<00:05, 10.52it/s] 78%|███████▊  | 187/239 [00:24<00:05, 10.38it/s] 79%|███████▉  | 189/239 [00:24<00:04, 10.39it/s] 80%|███████▉  | 191/239 [00:25<00:04, 10.37it/s] 81%|████████  | 193/239 [00:25<00:04, 10.49it/s] 82%|████████▏ | 195/239 [00:25<00:04, 10.38it/s] 82%|████████▏ | 197/239 [00:25<00:04, 10.46it/s] 83%|████████▎ | 199/239 [00:25<00:03, 10.51it/s] 84%|████████▍ | 201/239 [00:25<00:03, 10.50it/s] 85%|████████▍ | 203/239 [00:26<00:03, 10.42it/s] 86%|████████▌ | 205/239 [00:26<00:03, 10.44it/s] 87%|████████▋ | 207/239 [00:26<00:03, 10.50it/s] 87%|████████▋ | 209/239 [00:26<00:02, 10.54it/s] 88%|████████▊ | 211/239 [00:26<00:02, 10.43it/s] 89%|████████▉ | 213/239 [00:27<00:02, 10.41it/s] 90%|████████▉ | 215/239 [00:27<00:02, 10.53it/s] 91%|█████████ | 217/239 [00:27<00:02, 10.57it/s] 92%|█████████▏| 219/239 [00:27<00:01, 10.39it/s] 92%|█████████▏| 221/239 [00:27<00:01, 10.44it/s] 93%|█████████▎| 223/239 [00:28<00:01, 10.52it/s] 94%|█████████▍| 225/239 [00:28<00:01, 10.55it/s] 95%|█████████▍| 227/239 [00:28<00:01, 10.44it/s] 96%|█████████▌| 229/239 [00:28<00:00, 10.53it/s] 97%|█████████▋| 231/239 [00:28<00:00, 10.57it/s] 97%|█████████▋| 233/239 [00:29<00:00, 10.62it/s] 98%|█████████▊| 235/239 [00:29<00:00, 10.58it/s] 99%|█████████▉| 237/239 [00:29<00:00, 10.53it/s]100%|██████████| 239/239 [00:32<00:00,  1.75it/s]100%|██████████| 239/239 [00:32<00:00,  7.29it/s]*Init water model
*Predict image
(2062, 2460, 4)

0%|          | 0/239 [00:00<?, ?it/s]  0%|          | 1/239 [00:02<09:31,  2.40s/it]  1%|          | 2/239 [00:02<04:14,  1.07s/it]  1%|▏         | 3/239 [00:02<02:30,  1.56it/s]  2%|▏         | 4/239 [00:02<01:40,  2.33it/s]  2%|▏         | 5/239 [00:02<01:13,  3.17it/s]  3%|▎         | 6/239 [00:02<00:56,  4.11it/s]  3%|▎         | 7/239 [00:03<00:46,  4.97it/s]  3%|▎         | 8/239 [00:03<00:39,  5.78it/s]  4%|▍         | 9/239 [00:03<00:35,  6.45it/s]  4%|▍         | 10/239 [00:03<00:32,  7.07it/s]  5%|▍         | 11/239 [00:03<00:30,  7.54it/s]  5%|▌         | 12/239 [00:03<00:28,  7.92it/s]  5%|▌         | 13/239 [00:03<00:27,  8.12it/s]  6%|▌         | 14/239 [00:03<00:27,  8.14it/s]  7%|▋         | 16/239 [00:04<00:25,  8.83it/s]  7%|▋         | 17/239 [00:04<00:24,  9.05it/s]  8%|▊         | 19/239 [00:04<00:23,  9.20it/s]  9%|▉         | 21/239 [00:04<00:22,  9.48it/s]  9%|▉         | 22/239 [00:04<00:23,  9.23it/s] 10%|▉         | 23/239 [00:04<00:23,  9.29it/s] 10%|█         | 24/239 [00:04<00:23,  9.06it/s] 11%|█         | 26/239 [00:05<00:22,  9.41it/s] 11%|█▏        | 27/239 [00:05<00:22,  9.29it/s] 12%|█▏        | 28/239 [00:05<00:22,  9.25it/s] 13%|█▎        | 30/239 [00:05<00:22,  9.39it/s] 13%|█▎        | 31/239 [00:05<00:22,  9.45it/s] 14%|█▍        | 33/239 [00:05<00:21,  9.56it/s] 15%|█▍        | 35/239 [00:06<00:20,  9.75it/s] 15%|█▌        | 36/239 [00:06<00:20,  9.69it/s] 16%|█▌        | 38/239 [00:06<00:21,  9.48it/s] 16%|█▋        | 39/239 [00:06<00:21,  9.28it/s] 17%|█▋        | 40/239 [00:06<00:21,  9.23it/s] 18%|█▊        | 42/239 [00:06<00:21,  9.24it/s] 18%|█▊        | 43/239 [00:06<00:21,  9.09it/s] 18%|█▊        | 44/239 [00:07<00:21,  9.27it/s] 19%|█▉        | 45/239 [00:07<00:20,  9.35it/s] 19%|█▉        | 46/239 [00:07<00:20,  9.39it/s] 20%|██        | 48/239 [00:07<00:19,  9.77it/s] 21%|██        | 49/239 [00:07<00:19,  9.56it/s] 21%|██        | 50/239 [00:07<00:19,  9.50it/s] 21%|██▏       | 51/239 [00:07<00:19,  9.61it/s] 22%|██▏       | 52/239 [00:07<00:19,  9.58it/s] 22%|██▏       | 53/239 [00:08<00:19,  9.44it/s] 23%|██▎       | 54/239 [00:08<00:20,  9.23it/s] 23%|██▎       | 55/239 [00:08<00:19,  9.26it/s] 23%|██▎       | 56/239 [00:08<00:19,  9.29it/s] 24%|██▍       | 57/239 [00:08<00:19,  9.33it/s] 24%|██▍       | 58/239 [00:08<00:19,  9.17it/s] 25%|██▍       | 59/239 [00:08<00:19,  9.26it/s] 25%|██▌       | 60/239 [00:08<00:19,  9.07it/s] 26%|██▌       | 61/239 [00:08<00:19,  8.97it/s] 26%|██▌       | 62/239 [00:09<00:20,  8.75it/s] 26%|██▋       | 63/239 [00:09<00:20,  8.78it/s] 27%|██▋       | 64/239 [00:09<00:19,  8.90it/s] 28%|██▊       | 66/239 [00:09<00:18,  9.42it/s] 28%|██▊       | 67/239 [00:09<00:18,  9.26it/s] 29%|██▉       | 69/239 [00:09<00:18,  9.40it/s] 29%|██▉       | 70/239 [00:09<00:18,  9.24it/s] 30%|██▉       | 71/239 [00:10<00:18,  9.09it/s] 30%|███       | 72/239 [00:10<00:18,  9.10it/s] 31%|███       | 73/239 [00:10<00:18,  9.07it/s] 31%|███       | 74/239 [00:10<00:18,  9.06it/s] 31%|███▏      | 75/239 [00:10<00:18,  8.99it/s] 32%|███▏      | 76/239 [00:10<00:18,  8.89it/s] 32%|███▏      | 77/239 [00:10<00:18,  8.73it/s] 33%|███▎      | 78/239 [00:10<00:17,  8.94it/s] 33%|███▎      | 80/239 [00:10<00:16,  9.55it/s] 34%|███▍      | 81/239 [00:11<00:16,  9.61it/s] 34%|███▍      | 82/239 [00:11<00:16,  9.68it/s] 35%|███▍      | 83/239 [00:11<00:16,  9.52it/s] 35%|███▌      | 84/239 [00:11<00:16,  9.39it/s] 36%|███▌      | 85/239 [00:11<00:16,  9.31it/s] 36%|███▌      | 86/239 [00:11<00:16,  9.14it/s] 37%|███▋      | 88/239 [00:11<00:15,  9.57it/s] 38%|███▊      | 90/239 [00:12<00:15,  9.78it/s] 38%|███▊      | 92/239 [00:12<00:14,  9.88it/s] 39%|███▉      | 94/239 [00:12<00:14,  9.89it/s] 40%|████      | 96/239 [00:12<00:14, 10.00it/s] 41%|████      | 97/239 [00:12<00:14,  9.98it/s] 41%|████▏     | 99/239 [00:12<00:14,  9.91it/s] 42%|████▏     | 101/239 [00:13<00:14,  9.81it/s] 43%|████▎     | 102/239 [00:13<00:14,  9.49it/s] 44%|████▎     | 104/239 [00:13<00:13,  9.72it/s] 44%|████▍     | 105/239 [00:13<00:13,  9.77it/s] 44%|████▍     | 106/239 [00:13<00:13,  9.61it/s] 45%|████▍     | 107/239 [00:13<00:13,  9.47it/s] 46%|████▌     | 109/239 [00:13<00:13,  9.63it/s] 46%|████▌     | 110/239 [00:14<00:13,  9.61it/s] 46%|████▋     | 111/239 [00:14<00:13,  9.67it/s] 47%|████▋     | 112/239 [00:14<00:13,  9.58it/s] 47%|████▋     | 113/239 [00:14<00:13,  9.13it/s] 48%|████▊     | 114/239 [00:14<00:13,  9.34it/s] 49%|████▊     | 116/239 [00:14<00:13,  9.40it/s] 49%|████▉     | 117/239 [00:14<00:12,  9.47it/s] 49%|████▉     | 118/239 [00:14<00:13,  9.24it/s] 50%|████▉     | 119/239 [00:15<00:12,  9.34it/s] 50%|█████     | 120/239 [00:15<00:12,  9.43it/s] 51%|█████     | 122/239 [00:15<00:12,  9.66it/s] 51%|█████▏    | 123/239 [00:15<00:12,  9.43it/s] 52%|█████▏    | 124/239 [00:15<00:12,  9.14it/s] 52%|█████▏    | 125/239 [00:15<00:12,  9.27it/s] 53%|█████▎    | 126/239 [00:15<00:12,  9.18it/s] 54%|█████▎    | 128/239 [00:16<00:11,  9.47it/s] 54%|█████▍    | 130/239 [00:16<00:11,  9.73it/s] 55%|█████▍    | 131/239 [00:16<00:11,  9.59it/s] 55%|█████▌    | 132/239 [00:16<00:11,  9.57it/s] 56%|█████▌    | 133/239 [00:16<00:11,  9.59it/s] 56%|█████▌    | 134/239 [00:16<00:11,  9.48it/s] 56%|█████▋    | 135/239 [00:16<00:11,  9.37it/s] 57%|█████▋    | 136/239 [00:16<00:11,  9.23it/s] 58%|█████▊    | 138/239 [00:17<00:10,  9.46it/s] 58%|█████▊    | 139/239 [00:17<00:10,  9.58it/s] 59%|█████▊    | 140/239 [00:17<00:10,  9.51it/s] 59%|█████▉    | 141/239 [00:17<00:10,  9.48it/s] 59%|█████▉    | 142/239 [00:17<00:10,  9.19it/s] 60%|█████▉    | 143/239 [00:17<00:10,  9.10it/s] 60%|██████    | 144/239 [00:17<00:10,  9.30it/s] 61%|██████    | 145/239 [00:17<00:10,  9.38it/s] 61%|██████    | 146/239 [00:17<00:09,  9.42it/s] 62%|██████▏   | 147/239 [00:18<00:09,  9.21it/s] 62%|██████▏   | 148/239 [00:18<00:09,  9.36it/s] 62%|██████▏   | 149/239 [00:18<00:09,  9.43it/s] 63%|██████▎   | 150/239 [00:18<00:09,  9.16it/s] 63%|██████▎   | 151/239 [00:18<00:09,  9.19it/s] 64%|██████▎   | 152/239 [00:18<00:09,  9.28it/s] 64%|██████▍   | 153/239 [00:18<00:09,  9.24it/s] 65%|██████▍   | 155/239 [00:18<00:08,  9.41it/s] 66%|██████▌   | 157/239 [00:19<00:08,  9.67it/s] 66%|██████▌   | 158/239 [00:19<00:08,  9.48it/s] 67%|██████▋   | 159/239 [00:19<00:08,  9.42it/s] 67%|██████▋   | 161/239 [00:19<00:08,  9.64it/s] 68%|██████▊   | 162/239 [00:19<00:07,  9.63it/s] 68%|██████▊   | 163/239 [00:19<00:08,  9.19it/s] 69%|██████▊   | 164/239 [00:19<00:08,  9.09it/s] 69%|██████▉   | 165/239 [00:19<00:08,  9.17it/s] 69%|██████▉   | 166/239 [00:20<00:08,  9.12it/s] 70%|██████▉   | 167/239 [00:20<00:07,  9.22it/s] 71%|███████   | 169/239 [00:20<00:07,  9.61it/s] 72%|███████▏  | 171/239 [00:20<00:06,  9.76it/s] 72%|███████▏  | 172/239 [00:20<00:07,  9.50it/s] 72%|███████▏  | 173/239 [00:20<00:06,  9.59it/s] 73%|███████▎  | 174/239 [00:20<00:06,  9.38it/s] 73%|███████▎  | 175/239 [00:20<00:06,  9.30it/s] 74%|███████▎  | 176/239 [00:21<00:06,  9.33it/s] 74%|███████▍  | 177/239 [00:21<00:06,  9.45it/s] 75%|███████▍  | 179/239 [00:21<00:06,  9.46it/s] 75%|███████▌  | 180/239 [00:21<00:06,  9.45it/s] 76%|███████▌  | 182/239 [00:21<00:06,  9.34it/s] 77%|███████▋  | 183/239 [00:21<00:06,  9.29it/s] 77%|███████▋  | 184/239 [00:21<00:05,  9.27it/s] 77%|███████▋  | 185/239 [00:22<00:05,  9.30it/s] 78%|███████▊  | 187/239 [00:22<00:05,  9.61it/s] 79%|███████▊  | 188/239 [00:22<00:05,  9.45it/s] 79%|███████▉  | 190/239 [00:22<00:05,  9.49it/s] 80%|███████▉  | 191/239 [00:22<00:05,  9.33it/s] 80%|████████  | 192/239 [00:22<00:04,  9.46it/s] 81%|████████  | 194/239 [00:22<00:04,  9.72it/s] 82%|████████▏ | 195/239 [00:23<00:04,  9.63it/s] 82%|████████▏ | 196/239 [00:23<00:04,  9.66it/s] 82%|████████▏ | 197/239 [00:23<00:04,  9.64it/s] 83%|████████▎ | 198/239 [00:23<00:04,  9.26it/s] 83%|████████▎ | 199/239 [00:23<00:04,  9.18it/s] 84%|████████▎ | 200/239 [00:23<00:04,  9.28it/s] 84%|████████▍ | 201/239 [00:23<00:04,  9.30it/s] 85%|████████▍ | 202/239 [00:23<00:04,  9.23it/s] 85%|████████▍ | 203/239 [00:23<00:04,  8.88it/s] 85%|████████▌ | 204/239 [00:24<00:03,  9.03it/s] 86%|████████▌ | 205/239 [00:24<00:03,  8.93it/s] 86%|████████▌ | 206/239 [00:24<00:03,  8.85it/s] 87%|████████▋ | 207/239 [00:24<00:03,  9.14it/s] 87%|████████▋ | 208/239 [00:24<00:03,  9.04it/s] 87%|████████▋ | 209/239 [00:24<00:03,  9.25it/s] 88%|████████▊ | 210/239 [00:24<00:03,  8.98it/s] 88%|████████▊ | 211/239 [00:24<00:03,  8.96it/s] 89%|████████▉ | 213/239 [00:25<00:02,  9.19it/s] 90%|████████▉ | 214/239 [00:25<00:02,  9.27it/s] 90%|████████▉ | 215/239 [00:25<00:02,  9.44it/s] 90%|█████████ | 216/239 [00:25<00:02,  9.40it/s] 91%|█████████ | 217/239 [00:25<00:02,  9.46it/s] 91%|█████████ | 218/239 [00:25<00:02,  9.29it/s] 92%|█████████▏| 219/239 [00:25<00:02,  9.22it/s] 92%|█████████▏| 220/239 [00:25<00:02,  9.11it/s] 92%|█████████▏| 221/239 [00:25<00:01,  9.04it/s] 93%|█████████▎| 222/239 [00:26<00:01,  9.11it/s] 93%|█████████▎| 223/239 [00:26<00:01,  9.33it/s] 94%|█████████▎| 224/239 [00:26<00:01,  9.22it/s] 94%|█████████▍| 225/239 [00:26<00:01,  9.02it/s] 95%|█████████▍| 226/239 [00:26<00:01,  9.02it/s] 95%|█████████▍| 227/239 [00:26<00:01,  9.03it/s] 95%|█████████▌| 228/239 [00:26<00:01,  9.19it/s] 96%|█████████▌| 230/239 [00:26<00:00,  9.33it/s] 97%|█████████▋| 231/239 [00:27<00:00,  9.42it/s] 97%|█████████▋| 232/239 [00:27<00:00,  9.41it/s] 97%|█████████▋| 233/239 [00:27<00:00,  9.09it/s] 98%|█████████▊| 234/239 [00:27<00:00,  9.14it/s] 98%|█████████▊| 235/239 [00:27<00:00,  9.02it/s] 99%|█████████▊| 236/239 [00:27<00:00,  9.07it/s] 99%|█████████▉| 237/239 [00:27<00:00,  9.01it/s]100%|█████████▉| 238/239 [00:27<00:00,  8.67it/s]100%|██████████| 239/239 [00:29<00:00,  1.80it/s]100%|██████████| 239/239 [00:29<00:00,  8.12it/s]
Traceback (most recent call last):
File "rasterio/_io.pyx", line 1146, in rasterio._io.DatasetWriterBase.__init__
File "rasterio/_err.pyx", line 216, in rasterio._err.exc_wrap_pointer
rasterio._err.CPLE_OpenFailedError: Attempt to create new tiff file '/home/geoai/ml-models/storage/pretrain-models/green-cover/test/output.tif' failed: No such file or directory

During handling of the above exception, another exception occurred:

Traceback (most recent call last):
File "src/predict.py", line 62, in <module>
main(input_path, tmp_path, weight_path_green, weight_path_water, thresh_hold_green, thresh_hold_water, json_path,
File "src/predict.py", line 48, in main
combine_all(input_path, tmp_path, result_green, result_water, output_path)
File "/app/src/merge_water_green.py", line 35, in combine_all
with rasterio.open(result_color, 'w', **meta) as dst:
File "/opt/conda/envs/tf2.7/lib/python3.8/site-packages/rasterio/env.py", line 437, in wrapper
return f(*args, **kwds)
File "/opt/conda/envs/tf2.7/lib/python3.8/site-packages/rasterio/__init__.py", line 230, in open
s = writer(path, mode, driver=driver,
File "rasterio/_io.pyx", line 1151, in rasterio._io.DatasetWriterBase.__init__
rasterio.errors.RasterioIOError: Attempt to create new tiff file '/home/geoai/ml-models/storage/pretrain-models/green-cover/test/output.tif' failed: No such file or directory
